<?xml version="1.0" encoding="UTF-8"?>
<!-- Generated by org.testng.reporters.JUnitReportReporter -->
<testsuite hostname="DESKTOP-D7HIMNU" failures="0" tests="1" name="testclasses.NewTest" time="7.815" errors="0" timestamp="2021-11-27T09:17:05 PST" skipped="0">
  <testcase classname="testclasses.NewTest" name="VerifyLoginButton" time="7.815"/>
  <system-out/>
</testsuite> <!-- testclasses.NewTest -->
